<?xml version="1.0" encoding="UTF-8"?>
<testsuites name="Mocha Tests" time="91.1030" tests="11" failures="2">
  <testsuite name="Root Suite" timestamp="2023-07-19T05:15:36" tests="0" file="specs/homePageSpec.js" time="0.0000" failures="0">
  </testsuite>
  <testsuite name="XFlix" timestamp="2023-07-19T05:15:36" tests="11" time="91.1030" failures="2">
    <testcase name="XFlix should display 5 genre buttons on a row" time="10.7060" classname="should display 5 genre buttons on a row">
    </testcase>
    <testcase name="XFlix should display 5 content rating buttons on a row" time="1.8380" classname="should display 5 content rating buttons on a row">
    </testcase>
    <testcase name="XFlix should not have same parent for genre and content rating buttons" time="5.7540" classname="should not have same parent for genre and content rating buttons">
    </testcase>
    <testcase name="XFlix should not have &quot;View Count&quot; option selected in sort by dropdown on page load" time="5.2370" classname="should not have &quot;View Count&quot; option selected in sort by dropdown on page load">
    </testcase>
    <testcase name="XFlix should have &quot;Release Date&quot; option selected in sort by dropdown on page load" time="18.9800" classname="should have &quot;Release Date&quot; option selected in sort by dropdown on page load">
    </testcase>
    <testcase name="XFlix should have &quot;View Count&quot; option selectable after clicking on the sort by dropdown" time="11.0490" classname="should have &quot;View Count&quot; option selectable after clicking on the sort by dropdown">
    </testcase>
    <testcase name="XFlix should have &quot;Upload&quot; button on landing page on load" time="3.8800" classname="should have &quot;Upload&quot; button on landing page on load">
    </testcase>
    <testcase name="XFlix should open video modal with &quot;Submit&quot; and &quot;Cancel&quot; buttons, on clicking &quot;Upload&quot; button" time="12.4720" classname="should open video modal with &quot;Submit&quot; and &quot;Cancel&quot; buttons, on clicking &quot;Upload&quot; button">
      <failure message="Timed out retrying after 4000ms: expected &apos;&lt;button#upload-btn-cancel.MuiButton-root.MuiButton-outlined.MuiButton-outlinedError.MuiButton-sizeMedium.MuiButton-outlinedSizeMedium.MuiButtonBase-root.Mui-focusVisible.css-nybz91-MuiButtonBase-root-MuiButton-root&gt;&apos; to be &apos;visible&apos;

This element `&lt;button#upload-btn-cancel.MuiButton-root.MuiButton-outlined.MuiButton-outlinedError.MuiButton-sizeMedium.MuiButton-outlinedSizeMedium.MuiButtonBase-root.Mui-focusVisible.css-nybz91-MuiButtonBase-root-MuiButton-root&gt;` is not visible because its ancestor has `position: fixed` CSS property and it is overflowed by other elements. How about scrolling to the element with `cy.scrollIntoView()`?" type="AssertionError"><![CDATA[AssertionError: Timed out retrying after 4000ms: expected '<button#upload-btn-cancel.MuiButton-root.MuiButton-outlined.MuiButton-outlinedError.MuiButton-sizeMedium.MuiButton-outlinedSizeMedium.MuiButtonBase-root.Mui-focusVisible.css-nybz91-MuiButtonBase-root-MuiButton-root>' to be 'visible'

This element `<button#upload-btn-cancel.MuiButton-root.MuiButton-outlined.MuiButton-outlinedError.MuiButton-sizeMedium.MuiButton-outlinedSizeMedium.MuiButtonBase-root.Mui-focusVisible.css-nybz91-MuiButtonBase-root-MuiButton-root>` is not visible because its ancestor has `position: fixed` CSS property and it is overflowed by other elements. How about scrolling to the element with `cy.scrollIntoView()`?
    at Context.eval (http://localhost:8081/__cypress/tests?p=specs/homePageSpec.js:362:43)]]></failure>
    </testcase>
    <testcase name="XFlix should open video modal on clicking &quot;Upload&quot; button and close it on clicking &quot;Cancel&quot; button in the modal" time="9.1150" classname="should open video modal on clicking &quot;Upload&quot; button and close it on clicking &quot;Cancel&quot; button in the modal">
      <failure message="Timed out retrying after 4000ms: expected &apos;&lt;button#upload-btn-cancel.MuiButton-root.MuiButton-outlined.MuiButton-outlinedError.MuiButton-sizeMedium.MuiButton-outlinedSizeMedium.MuiButtonBase-root.Mui-focusVisible.css-nybz91-MuiButtonBase-root-MuiButton-root&gt;&apos; to be &apos;visible&apos;

This element `&lt;button#upload-btn-cancel.MuiButton-root.MuiButton-outlined.MuiButton-outlinedError.MuiButton-sizeMedium.MuiButton-outlinedSizeMedium.MuiButtonBase-root.Mui-focusVisible.css-nybz91-MuiButtonBase-root-MuiButton-root&gt;` is not visible because its ancestor has `position: fixed` CSS property and it is overflowed by other elements. How about scrolling to the element with `cy.scrollIntoView()`?" type="AssertionError"><![CDATA[AssertionError: Timed out retrying after 4000ms: expected '<button#upload-btn-cancel.MuiButton-root.MuiButton-outlined.MuiButton-outlinedError.MuiButton-sizeMedium.MuiButton-outlinedSizeMedium.MuiButtonBase-root.Mui-focusVisible.css-nybz91-MuiButtonBase-root-MuiButton-root>' to be 'visible'

This element `<button#upload-btn-cancel.MuiButton-root.MuiButton-outlined.MuiButton-outlinedError.MuiButton-sizeMedium.MuiButton-outlinedSizeMedium.MuiButtonBase-root.Mui-focusVisible.css-nybz91-MuiButtonBase-root-MuiButton-root>` is not visible because its ancestor has `position: fixed` CSS property and it is overflowed by other elements. How about scrolling to the element with `cy.scrollIntoView()`?
    at Context.eval (http://localhost:8081/__cypress/tests?p=specs/homePageSpec.js:369:43)]]></failure>
    </testcase>
    <testcase name="XFlix should have at least 10 links (with class &quot;video-tile-link&quot;) to different videos on page load." time="5.7980" classname="should have at least 10 links (with class &quot;video-tile-link&quot;) to different videos on page load.">
    </testcase>
    <testcase name="XFlix should display the video page on clicking the first video tile (with class &quot;video-tile&quot;) which has a parent element with class &quot;video-tile-link&quot;" time="6.2740" classname="should display the video page on clicking the first video tile (with class &quot;video-tile&quot;) which has a parent element with class &quot;video-tile-link&quot;">
    </testcase>
  </testsuite>
</testsuites>